<?xml version="1.0" encoding="UTF-8"?>
<!-- Generated by org.testng.reporters.JUnitReportReporter -->
<testsuite hostname="DESKTOP-T1LF6NB" failures="0" tests="4" name="Tests.LoginTest" time="3.012" errors="0" timestamp="2024-06-11T13:44:43 IST" skipped="1">
  <testcase classname="Tests.LoginTest" name="clickonpractice" time="2.305"/>
  <system-out/>
  <testcase classname="Tests.LoginTest" name="GetUrll" time="0.463"/>
  <system-out/>
  <testcase classname="Tests.LoginTest" name="clickonCLose" time="0.244"/>
  <system-out/>
  <testcase classname="Tests.LoginTest" name="GetTitle">
    <skipped/>
  </testcase> <!-- GetTitle -->
  <system-out/>
</testsuite> <!-- Tests.LoginTest -->
