<?xml version="1.0" encoding="UTF-8"?>
<!-- Generated by org.testng.reporters.JUnitReportReporter -->
<testsuite hostname="DESKTOP-T1LF6NB" failures="0" tests="3" name="Tests.LinksTest" time="0.000" errors="0" timestamp="2024-05-30T21:58:47 IST" skipped="3">
  <testcase classname="Tests.LinksTest" name="Elements" time="0.000">
    <skipped/>
  </testcase> <!-- Elements -->
  <system-out/>
  <testcase classname="Tests.LinksTest" name="Links" time="0.000">
    <skipped/>
  </testcase> <!-- Links -->
  <system-out/>
  <testcase classname="Tests.LinksTest" name="Demopage" time="0.000">
    <skipped/>
  </testcase> <!-- Demopage -->
  <system-out/>
</testsuite> <!-- Tests.LinksTest -->
