<?xml version="1.0" encoding="UTF-8"?>
<!-- Generated by org.testng.reporters.JUnitReportReporter -->
<testsuite hostname="DESKTOP-T1LF6NB" failures="0" tests="5" name="Tests.ButtonsTestPage" time="0.000" errors="0" timestamp="2024-05-30T21:58:47 IST" skipped="5">
  <testcase classname="Tests.ButtonsTestPage" name="ClkonElement" time="0.000">
    <skipped/>
  </testcase> <!-- ClkonElement -->
  <system-out/>
  <testcase classname="Tests.ButtonsTestPage" name="clkonButtons" time="0.000">
    <skipped/>
  </testcase> <!-- clkonButtons -->
  <system-out/>
  <testcase classname="Tests.ButtonsTestPage" name="doubleClk" time="0.000">
    <skipped/>
  </testcase> <!-- doubleClk -->
  <system-out/>
  <testcase classname="Tests.ButtonsTestPage" name="rightClk" time="0.000">
    <skipped/>
  </testcase> <!-- rightClk -->
  <system-out/>
  <testcase classname="Tests.ButtonsTestPage" name="ClkMe" time="0.000">
    <skipped/>
  </testcase> <!-- ClkMe -->
  <system-out/>
</testsuite> <!-- Tests.ButtonsTestPage -->
