<?xml version="1.0" encoding="UTF-8"?>
<!-- Generated by org.testng.reporters.JUnitReportReporter -->
<testsuite hostname="DESKTOP-T1LF6NB" failures="0" tests="5" name="Tests.RadioButtonTest" time="0.000" errors="0" timestamp="2024-05-30T21:58:47 IST" skipped="5">
  <testcase classname="Tests.RadioButtonTest" name="clkonClose" time="0.000">
    <skipped/>
  </testcase> <!-- clkonClose -->
  <system-out/>
  <testcase classname="Tests.RadioButtonTest" name="clkonPractice" time="0.000">
    <skipped/>
  </testcase> <!-- clkonPractice -->
  <system-out/>
  <testcase classname="Tests.RadioButtonTest" name="clkonElement" time="0.000">
    <skipped/>
  </testcase> <!-- clkonElement -->
  <system-out/>
  <testcase classname="Tests.RadioButtonTest" name="clkonRadioButtons" time="0.000">
    <skipped/>
  </testcase> <!-- clkonRadioButtons -->
  <system-out/>
  <testcase classname="Tests.RadioButtonTest" name="clkonYes" time="0.000">
    <skipped/>
  </testcase> <!-- clkonYes -->
  <system-out/>
</testsuite> <!-- Tests.RadioButtonTest -->
