<?xml version="1.0" encoding="UTF-8"?>
<!-- Generated by org.testng.reporters.JUnitReportReporter -->
<testsuite hostname="DESKTOP-T1LF6NB" failures="0" tests="3" name="Tests.NestedFrameTest" time="0.000" errors="0" timestamp="2024-05-30T21:58:47 IST" skipped="3">
  <testcase classname="Tests.NestedFrameTest" name="clkonFrameWindow" time="0.000">
    <skipped/>
  </testcase> <!-- clkonFrameWindow -->
  <system-out/>
  <testcase classname="Tests.NestedFrameTest" name="frameEntry" time="0.000">
    <skipped/>
  </testcase> <!-- frameEntry -->
  <system-out/>
  <testcase classname="Tests.NestedFrameTest" name="nestedFrameEntry" time="0.000">
    <skipped/>
  </testcase> <!-- nestedFrameEntry -->
  <system-out/>
</testsuite> <!-- Tests.NestedFrameTest -->
