<?xml version="1.0" encoding="UTF-8"?>
<!-- Generated by org.testng.reporters.JUnitReportReporter -->
<testsuite hostname="DESKTOP-T1LF6NB" failures="0" tests="7" name="Tests.WebTablesTest" time="0.000" errors="0" timestamp="2024-05-30T21:58:47 IST" skipped="7">
  <testcase classname="Tests.WebTablesTest" name="ClkonClose" time="0.000">
    <skipped/>
  </testcase> <!-- ClkonClose -->
  <system-out/>
  <testcase classname="Tests.WebTablesTest" name="ClkonPractice" time="0.000">
    <skipped/>
  </testcase> <!-- ClkonPractice -->
  <system-out/>
  <testcase classname="Tests.WebTablesTest" name="ClkonElement" time="0.000">
    <skipped/>
  </testcase> <!-- ClkonElement -->
  <system-out/>
  <testcase classname="Tests.WebTablesTest" name="clkonWebTables" time="0.000">
    <skipped/>
  </testcase> <!-- clkonWebTables -->
  <system-out/>
  <testcase classname="Tests.WebTablesTest" name="filldata" time="0.000">
    <skipped/>
  </testcase> <!-- filldata -->
  <system-out/>
  <testcase classname="Tests.WebTablesTest" name="updateTabledata" time="0.000">
    <skipped/>
  </testcase> <!-- updateTabledata -->
  <system-out/>
  <testcase classname="Tests.WebTablesTest" name="getValidateTable" time="0.000">
    <skipped/>
  </testcase> <!-- getValidateTable -->
  <system-out/>
</testsuite> <!-- Tests.WebTablesTest -->
