<?xml version="1.0" encoding="UTF-8"?>
<!-- Generated by org.testng.reporters.JUnitReportReporter -->
<testsuite hostname="DESKTOP-T1LF6NB" failures="0" tests="4" name="Tests.FramePageTest" time="0.000" errors="0" timestamp="2024-05-30T21:58:47 IST" skipped="4">
  <testcase classname="Tests.FramePageTest" name="Framesecclk" time="0.000">
    <skipped/>
  </testcase> <!-- Framesecclk -->
  <system-out/>
  <testcase classname="Tests.FramePageTest" name="Frametabclk" time="0.000">
    <skipped/>
  </testcase> <!-- Frametabclk -->
  <system-out/>
  <testcase classname="Tests.FramePageTest" name="parentFrame" time="0.000">
    <skipped/>
  </testcase> <!-- parentFrame -->
  <system-out/>
  <testcase classname="Tests.FramePageTest" name="ChildFrame" time="0.000">
    <skipped/>
  </testcase> <!-- ChildFrame -->
  <system-out/>
</testsuite> <!-- Tests.FramePageTest -->
