<?xml version="1.0" encoding="UTF-8"?>
<!-- Generated by org.testng.reporters.JUnitReportReporter -->
<testsuite hostname="DESKTOP-T1LF6NB" failures="0" tests="7" name="Tests.CheckboxTest" time="0.000" errors="0" timestamp="2024-05-30T21:58:47 IST" skipped="7">
  <testcase classname="Tests.CheckboxTest" name="clkonclose" time="0.000">
    <skipped/>
  </testcase> <!-- clkonclose -->
  <system-out/>
  <testcase classname="Tests.CheckboxTest" name="clkonpractice" time="0.000">
    <skipped/>
  </testcase> <!-- clkonpractice -->
  <system-out/>
  <testcase classname="Tests.CheckboxTest" name="clkonelement" time="0.000">
    <skipped/>
  </testcase> <!-- clkonelement -->
  <system-out/>
  <testcase classname="Tests.CheckboxTest" name="clkoncheckbox" time="0.000">
    <skipped/>
  </testcase> <!-- clkoncheckbox -->
  <system-out/>
  <testcase classname="Tests.CheckboxTest" name="mobileclk" time="0.000">
    <skipped/>
  </testcase> <!-- mobileclk -->
  <system-out/>
  <testcase classname="Tests.CheckboxTest" name="Laptopclk" time="0.000">
    <skipped/>
  </testcase> <!-- Laptopclk -->
  <system-out/>
  <testcase classname="Tests.CheckboxTest" name="DesktopClk" time="0.000">
    <skipped/>
  </testcase> <!-- DesktopClk -->
  <system-out/>
</testsuite> <!-- Tests.CheckboxTest -->
