<?xml version="1.0" encoding="UTF-8"?>
<!-- Generated by org.testng.reporters.JUnitReportReporter -->
<testsuite hostname="DESKTOP-T1LF6NB" failures="0" tests="3" name="Tests.ToolTipsTest" time="0.000" errors="0" timestamp="2024-05-30T21:58:47 IST" skipped="3">
  <testcase classname="Tests.ToolTipsTest" name="widgetClk" time="0.000">
    <skipped/>
  </testcase> <!-- widgetClk -->
  <system-out/>
  <testcase classname="Tests.ToolTipsTest" name="ToolTipsClk" time="0.000">
    <skipped/>
  </testcase> <!-- ToolTipsClk -->
  <system-out/>
  <testcase classname="Tests.ToolTipsTest" name="HovermeValidation" time="0.000">
    <skipped/>
  </testcase> <!-- HovermeValidation -->
  <system-out/>
</testsuite> <!-- Tests.ToolTipsTest -->
